<?xml version="1.0" encoding="UTF-8"?>
<!-- Generated by org.testng.reporters.JUnitXMLReporter -->
<testsuite ignored="0" hostname="EPINHYDW096C" failures="0" tests="3" name="Default test" time="6.369" errors="0" timestamp="2023-07-12T19:51:16 IST">
  <testcase classname="apiTests.GetAPI" name="testGetAPI" time="4.62"/>
  <testcase classname="apiTests.GetAPI" name="testGetAPINegative" time="0.636"/>
  <testcase classname="apiTests.GetAPI" name="testGetAPINoContent" time="1.041"/>
</testsuite> <!-- Default test -->
