<?xml version="1.0" encoding="UTF-8"?>
<!-- Generated by org.testng.reporters.JUnitXMLReporter -->
<testsuite ignored="0" hostname="EPINHYDW096C" failures="0" tests="3" name="Test" time="5.549" errors="0" timestamp="2023-07-12T19:52:19 IST">
  <testcase classname="apiTests.GetAPI" name="testGetAPI" time="3.624"/>
  <testcase classname="apiTests.GetAPI" name="testGetAPINegative" time="0.76"/>
  <testcase classname="apiTests.GetAPI" name="testGetAPINoContent" time="1.105"/>
</testsuite> <!-- Test -->
