<?xml version="1.0" encoding="UTF-8"?>
<testng-results ignored="0" total="3" passed="3" failed="0" skipped="0">
  <reporter-output>
  </reporter-output>
  <suite started-at="2023-07-12T19:52:13 IST" name="Suite" finished-at="2023-07-12T19:52:19 IST" duration-ms="5549">
    <groups>
      <group name="smoke">
        <method signature="GetAPI.testGetAPI()[pri:0, instance:apiTests.GetAPI@5ab9e72c]" name="testGetAPI" class="apiTests.GetAPI"/>
      </group> <!-- smoke -->
    </groups>
    <test started-at="2023-07-12T19:52:13 IST" name="Test" finished-at="2023-07-12T19:52:19 IST" duration-ms="5549">
      <class name="apiTests.GetAPI">
        <test-method signature="testGetAPI()[pri:0, instance:apiTests.GetAPI@5ab9e72c]" started-at="2023-07-12T19:52:13 IST" name="testGetAPI" finished-at="2023-07-12T19:52:17 IST" duration-ms="3624" status="PASS">
          <reporter-output>
          </reporter-output>
        </test-method> <!-- testGetAPI -->
        <test-method signature="testGetAPINegative()[pri:0, instance:apiTests.GetAPI@5ab9e72c]" started-at="2023-07-12T19:52:17 IST" name="testGetAPINegative" finished-at="2023-07-12T19:52:17 IST" duration-ms="760" status="PASS">
          <reporter-output>
          </reporter-output>
        </test-method> <!-- testGetAPINegative -->
        <test-method signature="testGetAPINoContent()[pri:0, instance:apiTests.GetAPI@5ab9e72c]" started-at="2023-07-12T19:52:17 IST" name="testGetAPINoContent" finished-at="2023-07-12T19:52:19 IST" duration-ms="1105" status="PASS">
          <reporter-output>
          </reporter-output>
        </test-method> <!-- testGetAPINoContent -->
      </class> <!-- apiTests.GetAPI -->
    </test> <!-- Test -->
  </suite> <!-- Suite -->
</testng-results>
